This is pdfTeX, Version 3.14159265-2.6-1.40.21 (TeX Live 2020/W32TeX) (preloaded format=pdflatex 2021.2.3)  9 FEB 2021 15:59
entering extended mode
 \write18 enabled.
 file:line:error style messages enabled.
 %&-line parsing enabled.
**"d:/OneDrive - University of Toronto/UofT/Skule 2020-2021/Semester 2/ECE421 Introduction to Machine Learning/Labs/Lab 1/A1_report.tex"
(d:/OneDrive - University of Toronto/UofT/Skule 2020-2021/Semester 2/ECE421 Introduction to Machine Learning/Labs/Lab 1/A1_report.tex
LaTeX2e <2020-10-01> patch level 4
L3 programming layer <2021-02-02> (d:/Tex/texlive/2020/texmf-dist/tex/latex/base/article.cls
Document Class: article 2020/04/10 v1.4m Standard LaTeX document class
(d:/Tex/texlive/2020/texmf-dist/tex/latex/base/size12.clo
File: size12.clo 2020/04/10 v1.4m Standard LaTeX file (size option)
)
\c@part=\count177
\c@section=\count178
\c@subsection=\count179
\c@subsubsection=\count180
\c@paragraph=\count181
\c@subparagraph=\count182
\c@figure=\count183
\c@table=\count184
\abovecaptionskip=\skip47
\belowcaptionskip=\skip48
\bibindent=\dimen138
) (d:/Tex/texlive/2020/texmf-dist/tex/latex/base/inputenc.sty
Package: inputenc 2020/08/01 v1.3d Input encoding file
\inpenc@prehook=\toks15
\inpenc@posthook=\toks16
) (d:/Tex/texlive/2020/texmf-dist/tex/generic/babel/babel.sty
Package: babel 2021/01/26 3.53 The Babel package
 (d:/Tex/texlive/2020/texmf-dist/tex/generic/babel/babel.def
File: babel.def 2021/01/26 3.53 Babel common definitions
\babel@savecnt=\count185
\U@D=\dimen139
\l@babelnohyphens=\language86
 (d:/Tex/texlive/2020/texmf-dist/tex/generic/babel/txtbabel.def)
\bbl@readstream=\read2
)
\bbl@dirlevel=\count186
 (d:/Tex/texlive/2020/texmf-dist/tex/generic/babel-english/english.ldf
Language: english 2017/06/06 v3.3r English support from the babel system
Package babel Info: \l@canadian = using hyphenrules for english
(babel)             (\language0) on input line 102.
Package babel Info: \l@australian = using hyphenrules for ukenglish
(babel)             (\language21) on input line 105.
Package babel Info: \l@newzealand = using hyphenrules for ukenglish
(babel)             (\language21) on input line 108.
)) (d:/Tex/texlive/2020/texmf-dist/tex/latex/amsmath/amsmath.sty
Package: amsmath 2020/09/23 v2.17i AMS math features
\@mathmargin=\skip49

For additional information on amsmath, use the `?' option.
(d:/Tex/texlive/2020/texmf-dist/tex/latex/amsmath/amstext.sty
Package: amstext 2000/06/29 v2.01 AMS text
 (d:/Tex/texlive/2020/texmf-dist/tex/latex/amsmath/amsgen.sty
File: amsgen.sty 1999/11/30 v2.0 generic functions
\@emptytoks=\toks17
\ex@=\dimen140
)) (d:/Tex/texlive/2020/texmf-dist/tex/latex/amsmath/amsbsy.sty
Package: amsbsy 1999/11/29 v1.2d Bold Symbols
\pmbraise@=\dimen141
) (d:/Tex/texlive/2020/texmf-dist/tex/latex/amsmath/amsopn.sty
Package: amsopn 2016/03/08 v2.02 operator names
)
\inf@bad=\count187
LaTeX Info: Redefining \frac on input line 234.
\uproot@=\count188
\leftroot@=\count189
LaTeX Info: Redefining \overline on input line 399.
\classnum@=\count190
\DOTSCASE@=\count191
LaTeX Info: Redefining \ldots on input line 496.
LaTeX Info: Redefining \dots on input line 499.
LaTeX Info: Redefining \cdots on input line 620.
\Mathstrutbox@=\box47
\strutbox@=\box48
\big@size=\dimen142
LaTeX Font Info:    Redeclaring font encoding OML on input line 743.
LaTeX Font Info:    Redeclaring font encoding OMS on input line 744.
\macc@depth=\count192
\c@MaxMatrixCols=\count193
\dotsspace@=\muskip16
\c@parentequation=\count194
\dspbrk@lvl=\count195
\tag@help=\toks18
\row@=\count196
\column@=\count197
\maxfields@=\count198
\andhelp@=\toks19
\eqnshift@=\dimen143
\alignsep@=\dimen144
\tagshift@=\dimen145
\tagwidth@=\dimen146
\totwidth@=\dimen147
\lineht@=\dimen148
\@envbody=\toks20
\multlinegap=\skip50
\multlinetaggap=\skip51
\mathdisplay@stack=\toks21
LaTeX Info: Redefining \[ on input line 2923.
LaTeX Info: Redefining \] on input line 2924.
) (d:/Tex/texlive/2020/texmf-dist/tex/latex/tools/bm.sty
Package: bm 2019/07/24 v1.2d Bold Symbol Support (DPC/FMi)
\symboldoperators=\mathgroup4
\symboldletters=\mathgroup5
\symboldsymbols=\mathgroup6
LaTeX Font Info:    Redeclaring math alphabet \mathbf on input line 141.
LaTeX Info: Redefining \bm on input line 209.
) (d:/Tex/texlive/2020/texmf-dist/tex/latex/listings/listings.sty (d:/Tex/texlive/2020/texmf-dist/tex/latex/graphics/keyval.sty
Package: keyval 2014/10/28 v1.15 key=value parser (DPC)
\KV@toks@=\toks22
)
\lst@mode=\count199
\lst@gtempboxa=\box49
\lst@token=\toks23
\lst@length=\count266
\lst@currlwidth=\dimen149
\lst@column=\count267
\lst@pos=\count268
\lst@lostspace=\dimen150
\lst@width=\dimen151
\lst@newlines=\count269
\lst@lineno=\count270
\lst@maxwidth=\dimen152
 (d:/Tex/texlive/2020/texmf-dist/tex/latex/listings/lstmisc.sty
File: lstmisc.sty 2020/03/24 1.8d (Carsten Heinz)
\c@lstnumber=\count271
\lst@skipnumbers=\count272
\lst@framebox=\box50
) (d:/Tex/texlive/2020/texmf-dist/tex/latex/listings/listings.cfg
File: listings.cfg 2020/03/24 1.8d listings configuration
))
Package: listings 2020/03/24 1.8d (Carsten Heinz)
 (d:/Tex/texlive/2020/texmf-dist/tex/latex/minted/minted.sty
Package: minted 2017/07/19 v2.5 Yet another Pygments shim for LaTeX
 (d:/Tex/texlive/2020/texmf-dist/tex/latex/kvoptions/kvoptions.sty
Package: kvoptions 2020-10-07 v3.14 Key value format for package options (HO)
 (d:/Tex/texlive/2020/texmf-dist/tex/generic/ltxcmds/ltxcmds.sty
Package: ltxcmds 2020-05-10 v1.25 LaTeX kernel commands for general use (HO)
) (d:/Tex/texlive/2020/texmf-dist/tex/generic/kvsetkeys/kvsetkeys.sty
Package: kvsetkeys 2019/12/15 v1.18 Key value parser (HO)
)) (d:/Tex/texlive/2020/texmf-dist/tex/latex/fvextra/fvextra.sty
Package: fvextra 2019/02/04 v1.4 fvextra - extensions and patches for fancyvrb
 (d:/Tex/texlive/2020/texmf-dist/tex/latex/base/ifthen.sty
Package: ifthen 2014/09/29 v1.1c Standard LaTeX ifthen package (DPC)
) (d:/Tex/texlive/2020/texmf-dist/tex/latex/etoolbox/etoolbox.sty
Package: etoolbox 2020/10/05 v2.5k e-TeX tools for LaTeX (JAW)
\etb@tempcnta=\count273
) (d:/Tex/texlive/2020/texmf-dist/tex/latex/fancyvrb/fancyvrb.sty
Package: fancyvrb 2021/01/20 v3.7 verbatim text (tvz,hv)
\FV@CodeLineNo=\count274
\FV@InFile=\read3
\FV@TabBox=\box51
\c@FancyVerbLine=\count275
\FV@StepNumber=\count276
\FV@OutFile=\write3
) (d:/Tex/texlive/2020/texmf-dist/tex/latex/upquote/upquote.sty
Package: upquote 2012/04/19 v1.3 upright-quote and grave-accent glyphs in verbatim
) (d:/Tex/texlive/2020/texmf-dist/tex/latex/lineno/lineno.sty
Package: lineno 2005/11/02 line numbers on paragraphs v4.41
\linenopenalty=\count277
\output=\toks24
\linenoprevgraf=\count278
\linenumbersep=\dimen153
\linenumberwidth=\dimen154
\c@linenumber=\count279
\c@pagewiselinenumber=\count280
\c@LN@truepage=\count281
\c@internallinenumber=\count282
\c@internallinenumbers=\count283
\quotelinenumbersep=\dimen155
\bframerule=\dimen156
\bframesep=\dimen157
\bframebox=\box52
LaTeX Info: Redefining \\ on input line 3056.
)
\c@FV@TrueTabGroupLevel=\count284
\c@FV@TrueTabCounter=\count285
\FV@TabBox@Group=\box53
\FV@TmpLength=\skip52
\c@FV@HighlightLinesStart=\count286
\c@FV@HighlightLinesStop=\count287
\FV@LoopCount=\count288
\FV@NCharsBox=\box54
\FV@BreakIndent=\dimen158
\FV@BreakIndentNChars=\count289
\FV@BreakSymbolSepLeft=\dimen159
\FV@BreakSymbolSepLeftNChars=\count290
\FV@BreakSymbolSepRight=\dimen160
\FV@BreakSymbolSepRightNChars=\count291
\FV@BreakSymbolIndentLeft=\dimen161
\FV@BreakSymbolIndentLeftNChars=\count292
\FV@BreakSymbolIndentRight=\dimen162
\FV@BreakSymbolIndentRightNChars=\count293
\c@FancyVerbLineBreakLast=\count294
\FV@LineBox=\box55
\FV@LineIndentBox=\box56
\FV@LineWidth=\dimen163
) (d:/Tex/texlive/2020/texmf-dist/tex/latex/tools/calc.sty
Package: calc 2017/05/25 v4.3 Infix arithmetic (KKT,FJ)
\calc@Acount=\count295
\calc@Bcount=\count296
\calc@Adimen=\dimen164
\calc@Bdimen=\dimen165
\calc@Askip=\skip53
\calc@Bskip=\skip54
LaTeX Info: Redefining \setlength on input line 80.
LaTeX Info: Redefining \addtolength on input line 81.
\calc@Ccount=\count297
\calc@Cskip=\skip55
) (d:/Tex/texlive/2020/texmf-dist/tex/latex/tools/shellesc.sty
Package: shellesc 2019/11/08 v1.0c unified shell escape interface for LaTeX
Package shellesc Info: Unrestricted shell escape enabled on input line 75.
) (d:/Tex/texlive/2020/texmf-dist/tex/latex/ifplatform/ifplatform.sty
Package: ifplatform 2017/10/13 v0.4a Testing for the operating system
 (d:/Tex/texlive/2020/texmf-dist/tex/generic/pdftexcmds/pdftexcmds.sty
Package: pdftexcmds 2020-06-27 v0.33 Utility functions of pdfTeX for LuaTeX (HO)
 (d:/Tex/texlive/2020/texmf-dist/tex/generic/infwarerr/infwarerr.sty
Package: infwarerr 2019/12/03 v1.5 Providing info/warning/error messages (HO)
) (d:/Tex/texlive/2020/texmf-dist/tex/generic/iftex/iftex.sty
Package: iftex 2020/03/06 v1.0d TeX engine tests
)
Package pdftexcmds Info: \pdf@primitive is available.
Package pdftexcmds Info: \pdf@ifprimitive is available.
Package pdftexcmds Info: \pdfdraftmode found.
) (d:/Tex/texlive/2020/texmf-dist/tex/generic/catchfile/catchfile.sty
Package: catchfile 2019/12/09 v1.8 Catch the contents of a file (HO)
 (d:/Tex/texlive/2020/texmf-dist/tex/generic/etexcmds/etexcmds.sty
Package: etexcmds 2019/12/15 v1.7 Avoid name clashes with e-TeX commands (HO)
)) (d:/Tex/texlive/2020/texmf-dist/tex/generic/iftex/ifluatex.sty
Package: ifluatex 2019/10/25 v1.5 ifluatex legacy package. Use iftex instead.
)) (d:/Tex/texlive/2020/texmf-dist/tex/generic/xstring/xstring.sty (d:/Tex/texlive/2020/texmf-dist/tex/generic/xstring/xstring.tex
\integerpart=\count298
\decimalpart=\count299
)
Package: xstring 2019/02/06 v1.83 String manipulations (CT)
) (d:/Tex/texlive/2020/texmf-dist/tex/latex/framed/framed.sty
Package: framed 2011/10/22 v 0.96: framed or shaded text with page breaks
\OuterFrameSep=\skip56
\fb@frw=\dimen166
\fb@frh=\dimen167
\FrameRule=\dimen168
\FrameSep=\dimen169
) (d:/Tex/texlive/2020/texmf-dist/tex/latex/float/float.sty
Package: float 2001/11/08 v1.3d Float enhancements (AL)
\c@float@type=\count300
\float@exts=\toks25
\float@box=\box57
\@float@everytoks=\toks26
\@floatcapt=\box58
)
\minted@appexistsfile=\read4
\minted@bgbox=\box59
\minted@code=\write4
\c@minted@FancyVerbLineTemp=\count301
\c@minted@pygmentizecounter=\count302
\@float@every@listing=\toks27
\c@listing=\count303
)
runsystem(if not exist _minted-A1_report mkdir _minted-A1_report)...executed.

 (d:/Tex/texlive/2020/texmf-dist/tex/latex/graphics/graphicx.sty
Package: graphicx 2020/09/09 v1.2b Enhanced LaTeX Graphics (DPC,SPQR)
 (d:/Tex/texlive/2020/texmf-dist/tex/latex/graphics/graphics.sty
Package: graphics 2020/08/30 v1.4c Standard LaTeX Graphics (DPC,SPQR)
 (d:/Tex/texlive/2020/texmf-dist/tex/latex/graphics/trig.sty
Package: trig 2016/01/03 v1.10 sin cos tan (DPC)
) (d:/Tex/texlive/2020/texmf-dist/tex/latex/graphics-cfg/graphics.cfg
File: graphics.cfg 2016/06/04 v1.11 sample graphics configuration
)
Package graphics Info: Driver file: pdftex.def on input line 105.
 (d:/Tex/texlive/2020/texmf-dist/tex/latex/graphics-def/pdftex.def
File: pdftex.def 2020/10/05 v1.2a Graphics/color driver for pdftex
))
\Gin@req@height=\dimen170
\Gin@req@width=\dimen171
) (d:/Tex/texlive/2020/texmf-dist/tex/latex/subfig/subfig.sty
Package: subfig 2005/06/28 ver: 1.3 subfig package
 (d:/Tex/texlive/2020/texmf-dist/tex/latex/caption/caption.sty
Package: caption 2020/10/26 v3.5g Customizing captions (AR)
 (d:/Tex/texlive/2020/texmf-dist/tex/latex/caption/caption3.sty
Package: caption3 2020/10/21 v2.2e caption3 kernel (AR)
\captionmargin=\dimen172
\captionmargin@=\dimen173
\captionwidth=\dimen174
\caption@tempdima=\dimen175
\caption@indent=\dimen176
\caption@parindent=\dimen177
\caption@hangindent=\dimen178
Package caption Info: Standard document class detected.
)
\c@caption@flags=\count304
\c@continuedfloat=\count305
Package caption Info: float package is loaded.
Package caption Info: listings package is loaded.
)
\c@KVtest=\count306
\sf@farskip=\skip57
\sf@captopadj=\dimen179
\sf@capskip=\skip58
\sf@nearskip=\skip59
\c@subfigure=\count307
\c@subfigure@save=\count308
\c@lofdepth=\count309
\c@subtable=\count310
\c@subtable@save=\count311
\c@lotdepth=\count312
\sf@top=\skip60
\sf@bottom=\skip61
) (d:/Tex/texlive/2020/texmf-dist/tex/latex/xcolor/xcolor.sty
Package: xcolor 2016/05/11 v2.12 LaTeX color extensions (UK)
 (d:/Tex/texlive/2020/texmf-dist/tex/latex/graphics-cfg/color.cfg
File: color.cfg 2016/01/02 v1.6 sample color configuration
)
Package xcolor Info: Driver file: pdftex.def on input line 225.
Package xcolor Info: Model `cmy' substituted by `cmy0' on input line 1348.
Package xcolor Info: Model `hsb' substituted by `rgb' on input line 1352.
Package xcolor Info: Model `RGB' extended on input line 1364.
Package xcolor Info: Model `HTML' substituted by `rgb' on input line 1366.
Package xcolor Info: Model `Hsb' substituted by `hsb' on input line 1367.
Package xcolor Info: Model `tHsb' substituted by `hsb' on input line 1368.
Package xcolor Info: Model `HSB' substituted by `hsb' on input line 1369.
Package xcolor Info: Model `Gray' substituted by `gray' on input line 1370.
Package xcolor Info: Model `wave' substituted by `hsb' on input line 1371.
)
runsystem(for ^%i in (pygmentize.exe pygmentize.bat pygmentize.cmd) do set > A1_report.aex <nul: /p x=^%~$PATH:i>> A1_report.aex)...executed.

runsystem(del A1_report.aex)...executed.

 (d:/Tex/texlive/2020/texmf-dist/tex/latex/l3backend/l3backend-pdftex.def
File: l3backend-pdftex.def 2020-01-29 L3 backend support: PDF output (pdfTeX)
\l__color_backend_stack_int=\count313
\l__pdf_internal_box=\box60
) (d:/OneDrive - University of Toronto/UofT/Skule 2020-2021/Semester 2/ECE421 Introduction to Machine Learning/Labs/Lab 1/A1_report.aux)
\openout1 = `A1_report.aux'.

LaTeX Font Info:    Checking defaults for OML/cmm/m/it on input line 17.
LaTeX Font Info:    ... okay on input line 17.
LaTeX Font Info:    Checking defaults for OMS/cmsy/m/n on input line 17.
LaTeX Font Info:    ... okay on input line 17.
LaTeX Font Info:    Checking defaults for OT1/cmr/m/n on input line 17.
LaTeX Font Info:    ... okay on input line 17.
LaTeX Font Info:    Checking defaults for T1/cmr/m/n on input line 17.
LaTeX Font Info:    ... okay on input line 17.
LaTeX Font Info:    Checking defaults for TS1/cmr/m/n on input line 17.
LaTeX Font Info:    ... okay on input line 17.
LaTeX Font Info:    Checking defaults for OMX/cmex/m/n on input line 17.
LaTeX Font Info:    ... okay on input line 17.
LaTeX Font Info:    Checking defaults for U/cmr/m/n on input line 17.
LaTeX Font Info:    ... okay on input line 17.
 (d:/Tex/texlive/2020/texmf-dist/tex/latex/base/textcomp.sty
Package: textcomp 2020/02/02 v2.0n Standard LaTeX package
)
\c@lstlisting=\count314
 (d:/Tex/texlive/2020/texmf-dist/tex/context/base/mkii/supp-pdf.mkii
[Loading MPS to PDF converter (version 2006.09.02).]
\scratchcounter=\count315
\scratchdimen=\dimen180
\scratchbox=\box61
\nofMPsegments=\count316
\nofMParguments=\count317
\everyMPshowfont=\toks28
\MPscratchCnt=\count318
\MPscratchDim=\dimen181
\MPnumerator=\count319
\makeMPintoPDFobject=\count320
\everyMPtoPDFconversion=\toks29
) (d:/Tex/texlive/2020/texmf-dist/tex/latex/epstopdf-pkg/epstopdf-base.sty
Package: epstopdf-base 2020-01-24 v2.11 Base part for package epstopdf
Package epstopdf-base Info: Redefining graphics rule for `.eps' on input line 485.
 (d:/Tex/texlive/2020/texmf-dist/tex/latex/latexconfig/epstopdf-sys.cfg
File: epstopdf-sys.cfg 2010/07/13 v1.3 Configuration of (r)epstopdf for TeX Live
))
Package caption Info: Begin \AtBeginDocument code.
Package caption Info: subfig package v1.3 is loaded.
Package caption Info: End \AtBeginDocument code.
 [1

{d:/Tex/texlive/2020/texmf-var/fonts/map/pdftex/updmap/pdftex.map}]
\openout3 = `A1_report.pyg'.

 (d:/OneDrive - University of Toronto/UofT/Skule 2020-2021/Semester 2/ECE421 Introduction to Machine Learning/Labs/Lab 1/_minted-A1_report/default-pyg-prefix.pygstyle) (d:/OneDrive - University of Toronto/UofT/Skule 2020-2021/Semester 2/ECE421 Introduction to Machine Learning/Labs/Lab 1/_minted-A1_report/default.pygstyle) (d:/OneDrive - University of Toronto/UofT/Skule 2020-2021/Semester 2/ECE421 Introduction to Machine Learning/Labs/Lab 1/_minted-A1_report/99B7642E7AD26DC5E432A0D1AB63099D48F1CDE00CC8A4B082287A601E8A81FD.pygtex
LaTeX Font Info:    Font shape `OT1/cmtt/bx/n' in size <12> not available
(Font)              Font shape `OT1/cmtt/m/n' tried instead on input line 2.
 [2])
\openout3 = `A1_report.pyg'.

 (d:/OneDrive - University of Toronto/UofT/Skule 2020-2021/Semester 2/ECE421 Introduction to Machine Learning/Labs/Lab 1/_minted-A1_report/E95149908925E792B6CDF82514027AF248F1CDE00CC8A4B082287A601E8A81FD.pygtex) [3]
\openout3 = `A1_report.pyg'.

 (d:/OneDrive - University of Toronto/UofT/Skule 2020-2021/Semester 2/ECE421 Introduction to Machine Learning/Labs/Lab 1/_minted-A1_report/49A63A63B5353E900102616D451B1B2748F1CDE00CC8A4B082287A601E8A81FD.pygtex [4]) [5]
<images/loss reg 0 alp 005.png, id=32, 412.54124pt x 279.0425pt>
File: images/loss reg 0 alp 005.png Graphic file (type png)
<use images/loss reg 0 alp 005.png>
Package pdftex.def Info: images/loss reg 0 alp 005.png  used on input line 240.
(pdftex.def)             Requested size: 185.64185pt x 125.56795pt.
<images/loss reg 0 alp 001.png, id=34, 387.4475pt x 279.0425pt>
File: images/loss reg 0 alp 001.png Graphic file (type png)
<use images/loss reg 0 alp 001.png>
Package pdftex.def Info: images/loss reg 0 alp 001.png  used on input line 242.
(pdftex.def)             Requested size: 174.34976pt x 125.56795pt.
<images/loss reg 0 alp 0001.png, id=35, 387.4475pt x 279.0425pt>
File: images/loss reg 0 alp 0001.png Graphic file (type png)
<use images/loss reg 0 alp 0001.png>
Package pdftex.def Info: images/loss reg 0 alp 0001.png  used on input line 244.
(pdftex.def)             Requested size: 174.34976pt x 125.56795pt.
<images/acc reg 0 alp 005.png, id=36, 385.44pt x 264.99pt>
File: images/acc reg 0 alp 005.png Graphic file (type png)
<use images/acc reg 0 alp 005.png>
Package pdftex.def Info: images/acc reg 0 alp 005.png  used on input line 246.
(pdftex.def)             Requested size: 173.4464pt x 119.24438pt.
<images/acc reg 0 alp 001.png, id=37, 385.44pt x 264.99pt>
File: images/acc reg 0 alp 001.png Graphic file (type png)
<use images/acc reg 0 alp 001.png>
Package pdftex.def Info: images/acc reg 0 alp 001.png  used on input line 248.
(pdftex.def)             Requested size: 173.4464pt x 119.24438pt.
<images/acc reg 0 alp 0001.png, id=38, 385.44pt x 264.99pt>
File: images/acc reg 0 alp 0001.png Graphic file (type png)
<use images/acc reg 0 alp 0001.png>
Package pdftex.def Info: images/acc reg 0 alp 0001.png  used on input line 250.
(pdftex.def)             Requested size: 173.4464pt x 119.24438pt.
 [6 <d:/OneDrive - University of Toronto/UofT/Skule 2020-2021/Semester 2/ECE421 Introduction to Machine Learning/Labs/Lab 1/images/loss reg 0 alp 005.png> <d:/OneDrive - University of Toronto/UofT/Skule 2020-2021/Semester 2/ECE421 Introduction to Machine Learning/Labs/Lab 1/images/loss reg 0 alp 001.png> <d:/OneDrive - University of Toronto/UofT/Skule 2020-2021/Semester 2/ECE421 Introduction to Machine Learning/Labs/Lab 1/images/loss reg 0 alp 0001.png> <d:/OneDrive - University of Toronto/UofT/Skule 2020-2021/Semester 2/ECE421 Introduction to Machine Learning/Labs/Lab 1/images/acc reg 0 alp 005.png> <d:/OneDrive - University of Toronto/UofT/Skule 2020-2021/Semester 2/ECE421 Introduction to Machine Learning/Labs/Lab 1/images/acc reg 0 alp 001.png> <d:/OneDrive - University of Toronto/UofT/Skule 2020-2021/Semester 2/ECE421 Introduction to Machine Learning/Labs/Lab 1/images/acc reg 0 alp 0001.png>]
<images/loss reg 05 alp 005.png, id=48, 417.56pt x 279.0425pt>
File: images/loss reg 05 alp 005.png Graphic file (type png)
<use images/loss reg 05 alp 005.png>
Package pdftex.def Info: images/loss reg 05 alp 005.png  used on input line 269.
(pdftex.def)             Requested size: 187.90025pt x 125.56795pt.
<images/loss reg 01 alp 005.png, id=49, 417.56pt x 279.0425pt>
File: images/loss reg 01 alp 005.png Graphic file (type png)
<use images/loss reg 01 alp 005.png>
Package pdftex.def Info: images/loss reg 01 alp 005.png  used on input line 271.
(pdftex.def)             Requested size: 187.90025pt x 125.56795pt.
<images/loss reg 001 alp 005.png, id=50, 426.59375pt x 279.0425pt>
File: images/loss reg 001 alp 005.png Graphic file (type png)
<use images/loss reg 001 alp 005.png>
Package pdftex.def Info: images/loss reg 001 alp 005.png  used on input line 273.
(pdftex.def)             Requested size: 191.96541pt x 125.56795pt.
<images/acc reg 05 alp 005.png, id=51, 388.45125pt x 264.99pt>
File: images/acc reg 05 alp 005.png Graphic file (type png)
<use images/acc reg 05 alp 005.png>
Package pdftex.def Info: images/acc reg 05 alp 005.png  used on input line 277.
(pdftex.def)             Requested size: 174.80144pt x 119.24438pt.
<images/acc reg 01 alp 005.png, id=52, 388.45125pt x 264.99pt>
File: images/acc reg 01 alp 005.png Graphic file (type png)
<use images/acc reg 01 alp 005.png>
Package pdftex.def Info: images/acc reg 01 alp 005.png  used on input line 279.
(pdftex.def)             Requested size: 174.80144pt x 119.24438pt.
<images/acc reg 001 alp 005.png, id=53, 395.4775pt x 264.99pt>
File: images/acc reg 001 alp 005.png Graphic file (type png)
<use images/acc reg 001 alp 005.png>
Package pdftex.def Info: images/acc reg 001 alp 005.png  used on input line 281.
(pdftex.def)             Requested size: 177.96323pt x 119.24438pt.
 [7 <d:/OneDrive - University of Toronto/UofT/Skule 2020-2021/Semester 2/ECE421 Introduction to Machine Learning/Labs/Lab 1/images/loss reg 05 alp 005.png> <d:/OneDrive - University of Toronto/UofT/Skule 2020-2021/Semester 2/ECE421 Introduction to Machine Learning/Labs/Lab 1/images/loss reg 01 alp 005.png> <d:/OneDrive - University of Toronto/UofT/Skule 2020-2021/Semester 2/ECE421 Introduction to Machine Learning/Labs/Lab 1/images/loss reg 001 alp 005.png>] [8 <d:/OneDrive - University of Toronto/UofT/Skule 2020-2021/Semester 2/ECE421 Introduction to Machine Learning/Labs/Lab 1/images/acc reg 05 alp 005.png> <d:/OneDrive - University of Toronto/UofT/Skule 2020-2021/Semester 2/ECE421 Introduction to Machine Learning/Labs/Lab 1/images/acc reg 01 alp 005.png> <d:/OneDrive - University of Toronto/UofT/Skule 2020-2021/Semester 2/ECE421 Introduction to Machine Learning/Labs/Lab 1/images/acc reg 001 alp 005.png>]
\openout3 = `A1_report.pyg'.

 (d:/OneDrive - University of Toronto/UofT/Skule 2020-2021/Semester 2/ECE421 Introduction to Machine Learning/Labs/Lab 1/_minted-A1_report/F94876259C16657E7C1D3788AE51E08648F1CDE00CC8A4B082287A601E8A81FD.pygtex [9])
\openout3 = `A1_report.pyg'.

 (d:/OneDrive - University of Toronto/UofT/Skule 2020-2021/Semester 2/ECE421 Introduction to Machine Learning/Labs/Lab 1/_minted-A1_report/4D04C18AFEDA38267133E510C165A12148F1CDE00CC8A4B082287A601E8A81FD.pygtex [10] [11] [12]) [13]
<images/loss epo 700 bs 100 lr 001.png, id=83, 380.42125pt x 264.99pt>
File: images/loss epo 700 bs 100 lr 001.png Graphic file (type png)
<use images/loss epo 700 bs 100 lr 001.png>
Package pdftex.def Info: images/loss epo 700 bs 100 lr 001.png  used on input line 483.
(pdftex.def)             Requested size: 171.18797pt x 119.24438pt.
<images/loss epo 700 bs 700 lr 001.png, id=84, 371.3875pt x 264.99pt>
File: images/loss epo 700 bs 700 lr 001.png Graphic file (type png)
<use images/loss epo 700 bs 700 lr 001.png>
Package pdftex.def Info: images/loss epo 700 bs 700 lr 001.png  used on input line 485.
(pdftex.def)             Requested size: 167.12282pt x 119.24438pt.
<images/loss epo 700 bs 1750 lr 001.png, id=85, 384.43625pt x 264.99pt>
File: images/loss epo 700 bs 1750 lr 001.png Graphic file (type png)
<use images/loss epo 700 bs 1750 lr 001.png>
Package pdftex.def Info: images/loss epo 700 bs 1750 lr 001.png  used on input line 487.
(pdftex.def)             Requested size: 172.9947pt x 119.24438pt.
<images/acc epo 700 bs 100 lr 001.png, id=86, 399.4925pt x 264.99pt>
File: images/acc epo 700 bs 100 lr 001.png Graphic file (type png)
<use images/acc epo 700 bs 100 lr 001.png>
Package pdftex.def Info: images/acc epo 700 bs 100 lr 001.png  used on input line 489.
(pdftex.def)             Requested size: 179.76996pt x 119.24438pt.
<images/acc epo 700 bs 700 lr 001.png, id=87, 393.47pt x 264.99pt>
File: images/acc epo 700 bs 700 lr 001.png Graphic file (type png)
<use images/acc epo 700 bs 700 lr 001.png>
Package pdftex.def Info: images/acc epo 700 bs 700 lr 001.png  used on input line 491.
(pdftex.def)             Requested size: 177.05986pt x 119.24438pt.
<images/acc epo 700 bs 1750 lr 001.png, id=88, 403.5075pt x 264.99pt>
File: images/acc epo 700 bs 1750 lr 001.png Graphic file (type png)
<use images/acc epo 700 bs 1750 lr 001.png>
Package pdftex.def Info: images/acc epo 700 bs 1750 lr 001.png  used on input line 493.
(pdftex.def)             Requested size: 181.57669pt x 119.24438pt.
 [14 <d:/OneDrive - University of Toronto/UofT/Skule 2020-2021/Semester 2/ECE421 Introduction to Machine Learning/Labs/Lab 1/images/loss epo 700 bs 100 lr 001.png> <d:/OneDrive - University of Toronto/UofT/Skule 2020-2021/Semester 2/ECE421 Introduction to Machine Learning/Labs/Lab 1/images/loss epo 700 bs 700 lr 001.png> <d:/OneDrive - University of Toronto/UofT/Skule 2020-2021/Semester 2/ECE421 Introduction to Machine Learning/Labs/Lab 1/images/loss epo 700 bs 1750 lr 001.png> <d:/OneDrive - University of Toronto/UofT/Skule 2020-2021/Semester 2/ECE421 Introduction to Machine Learning/Labs/Lab 1/images/acc epo 700 bs 100 lr 001.png> <d:/OneDrive - University of Toronto/UofT/Skule 2020-2021/Semester 2/ECE421 Introduction to Machine Learning/Labs/Lab 1/images/acc epo 700 bs 700 lr 001.png> <d:/OneDrive - University of Toronto/UofT/Skule 2020-2021/Semester 2/ECE421 Introduction to Machine Learning/Labs/Lab 1/images/acc epo 700 bs 1750 lr 001.png>]

LaTeX Warning: No positions in optional float specifier.
               Default added (so using `!tbp') on input line 534.

<images/loss b1 095.png, id=98, 373.395pt x 264.99pt>
File: images/loss b1 095.png Graphic file (type png)
<use images/loss b1 095.png>
Package pdftex.def Info: images/loss b1 095.png  used on input line 536.
(pdftex.def)             Requested size: 186.69704pt x 132.49467pt.
<images/loss b1 099.png, id=99, 373.395pt x 264.99pt>
File: images/loss b1 099.png Graphic file (type png)
<use images/loss b1 099.png>
Package pdftex.def Info: images/loss b1 099.png  used on input line 538.
(pdftex.def)             Requested size: 186.69704pt x 132.49467pt.
<images/loss b2 099.png, id=100, 373.395pt x 264.99pt>
File: images/loss b2 099.png Graphic file (type png)
<use images/loss b2 099.png>
Package pdftex.def Info: images/loss b2 099.png  used on input line 540.
(pdftex.def)             Requested size: 186.69704pt x 132.49467pt.
<images/loss b2 09999.png, id=101, 379.4175pt x 264.99pt>
File: images/loss b2 09999.png Graphic file (type png)
<use images/loss b2 09999.png>
Package pdftex.def Info: images/loss b2 09999.png  used on input line 542.
(pdftex.def)             Requested size: 189.70828pt x 132.49467pt.
<images/loss e 0001.png, id=102, 373.395pt x 264.99pt>
File: images/loss e 0001.png Graphic file (type png)
<use images/loss e 0001.png>
Package pdftex.def Info: images/loss e 0001.png  used on input line 544.
(pdftex.def)             Requested size: 186.69704pt x 132.49467pt.
<images/loss e 1e-9.png, id=103, 373.395pt x 264.99pt>
File: images/loss e 1e-9.png Graphic file (type png)
<use images/loss e 1e-9.png>
Package pdftex.def Info: images/loss e 1e-9.png  used on input line 546.
(pdftex.def)             Requested size: 186.69704pt x 132.49467pt.

LaTeX Warning: No positions in optional float specifier.
               Default added (so using `!tbp') on input line 550.

<images/acc b1 095.png, id=104, 388.45125pt x 264.99pt>
File: images/acc b1 095.png Graphic file (type png)
<use images/acc b1 095.png>
Package pdftex.def Info: images/acc b1 095.png  used on input line 552.
(pdftex.def)             Requested size: 194.22514pt x 132.49467pt.
<images/acc b1 099.png, id=105, 388.45125pt x 264.99pt>
File: images/acc b1 099.png Graphic file (type png)
<use images/acc b1 099.png>
Package pdftex.def Info: images/acc b1 099.png  used on input line 554.
(pdftex.def)             Requested size: 194.22514pt x 132.49467pt.
<images/acc b2 099.png, id=106, 381.425pt x 264.99pt>
File: images/acc b2 099.png Graphic file (type png)
<use images/acc b2 099.png>
Package pdftex.def Info: images/acc b2 099.png  used on input line 556.
(pdftex.def)             Requested size: 190.71202pt x 132.49467pt.
<images/acc b2 0999.png, id=107, 382.42876pt x 264.99pt>
File: images/acc b2 0999.png Graphic file (type png)
<use images/acc b2 0999.png>
Package pdftex.def Info: images/acc b2 0999.png  used on input line 558.
(pdftex.def)             Requested size: 191.2139pt x 132.49467pt.
<images/acc e 0001.png, id=108, 388.45125pt x 264.99pt>
File: images/acc e 0001.png Graphic file (type png)
<use images/acc e 0001.png>
Package pdftex.def Info: images/acc e 0001.png  used on input line 560.
(pdftex.def)             Requested size: 194.22514pt x 132.49467pt.
<images/acc e 1e-9.png, id=109, 378.41376pt x 264.99pt>
File: images/acc e 1e-9.png Graphic file (type png)
<use images/acc e 1e-9.png>
Package pdftex.def Info: images/acc e 1e-9.png  used on input line 562.
(pdftex.def)             Requested size: 189.2064pt x 132.49467pt.
[15] [16 <d:/OneDrive - University of Toronto/UofT/Skule 2020-2021/Semester 2/ECE421 Introduction to Machine Learning/Labs/Lab 1/images/loss b1 095.png> <d:/OneDrive - University of Toronto/UofT/Skule 2020-2021/Semester 2/ECE421 Introduction to Machine Learning/Labs/Lab 1/images/loss b1 099.png> <d:/OneDrive - University of Toronto/UofT/Skule 2020-2021/Semester 2/ECE421 Introduction to Machine Learning/Labs/Lab 1/images/loss b2 099.png> <d:/OneDrive - University of Toronto/UofT/Skule 2020-2021/Semester 2/ECE421 Introduction to Machine Learning/Labs/Lab 1/images/loss b2 09999.png> <d:/OneDrive - University of Toronto/UofT/Skule 2020-2021/Semester 2/ECE421 Introduction to Machine Learning/Labs/Lab 1/images/loss e 0001.png> <d:/OneDrive - University of Toronto/UofT/Skule 2020-2021/Semester 2/ECE421 Introduction to Machine Learning/Labs/Lab 1/images/loss e 1e-9.png>] [17 <d:/OneDrive - University of Toronto/UofT/Skule 2020-2021/Semester 2/ECE421 Introduction to Machine Learning/Labs/Lab 1/images/acc b1 095.png> <d:/OneDrive - University of Toronto/UofT/Skule 2020-2021/Semester 2/ECE421 Introduction to Machine Learning/Labs/Lab 1/images/acc b1 099.png> <d:/OneDrive - University of Toronto/UofT/Skule 2020-2021/Semester 2/ECE421 Introduction to Machine Learning/Labs/Lab 1/images/acc b2 099.png> <d:/OneDrive - University of Toronto/UofT/Skule 2020-2021/Semester 2/ECE421 Introduction to Machine Learning/Labs/Lab 1/images/acc b2 0999.png> <d:/OneDrive - University of Toronto/UofT/Skule 2020-2021/Semester 2/ECE421 Introduction to Machine Learning/Labs/Lab 1/images/acc e 0001.png> <d:/OneDrive - University of Toronto/UofT/Skule 2020-2021/Semester 2/ECE421 Introduction to Machine Learning/Labs/Lab 1/images/acc e 1e-9.png>] [18] (d:/OneDrive - University of Toronto/UofT/Skule 2020-2021/Semester 2/ECE421 Introduction to Machine Learning/Labs/Lab 1/A1_report.aux)
runsystem(del A1_report.pyg)...executed.

 ) 
Here is how much of TeX's memory you used:
 9859 strings out of 479303
 172332 string characters out of 5869240
 532977 words of memory out of 5000000
 26857 multiletter control sequences out of 15000+600000
 414976 words of font info for 67 fonts, out of 8000000 for 9000
 1141 hyphenation exceptions out of 8191
 85i,10n,88p,536b,389s stack positions out of 5000i,500n,10000p,200000b,80000s
<d:/Tex/texlive/2020/texmf-dist/fonts/type1/public/amsfonts/cm/cmbx12.pfb><d:/Tex/texlive/2020/texmf-dist/fonts/type1/public/amsfonts/cm/cmbx8.pfb><d:/Tex/texlive/2020/texmf-dist/fonts/type1/public/amsfonts/cm/cmex10.pfb><d:/Tex/texlive/2020/texmf-dist/fonts/type1/public/amsfonts/cm/cmitt10.pfb><d:/Tex/texlive/2020/texmf-dist/fonts/type1/public/amsfonts/cm/cmmi12.pfb><d:/Tex/texlive/2020/texmf-dist/fonts/type1/public/amsfonts/cm/cmmi6.pfb><d:/Tex/texlive/2020/texmf-dist/fonts/type1/public/amsfonts/cm/cmmi8.pfb><d:/Tex/texlive/2020/texmf-dist/fonts/type1/public/amsfonts/cm/cmmib10.pfb><d:/Tex/texlive/2020/texmf-dist/fonts/type1/public/amsfonts/cm/cmr12.pfb><d:/Tex/texlive/2020/texmf-dist/fonts/type1/public/amsfonts/cm/cmr17.pfb><d:/Tex/texlive/2020/texmf-dist/fonts/type1/public/amsfonts/cm/cmr6.pfb><d:/Tex/texlive/2020/texmf-dist/fonts/type1/public/amsfonts/cm/cmr8.pfb><d:/Tex/texlive/2020/texmf-dist/fonts/type1/public/amsfonts/cm/cmsy10.pfb><d:/Tex/texlive/2020/texmf-dist/fonts/type1/public/amsfonts/cm/cmsy8.pfb><d:/Tex/texlive/2020/texmf-dist/fonts/type1/public/amsfonts/cm/cmtt12.pfb>
Output written on "d:/OneDrive - University of Toronto/UofT/Skule 2020-2021/Semester 2/ECE421 Introduction to Machine Learning/Labs/Lab 1/A1_report.pdf" (18 pages, 582605 bytes).
PDF statistics:
 183 PDF objects out of 1000 (max. 8388607)
 87 compressed objects within 1 object stream
 0 named destinations out of 1000 (max. 500000)
 151 words of extra memory for PDF output out of 10000 (max. 10000000)

