This is pdfTeX, Version 3.14159265-2.6-1.40.21 (TeX Live 2020/W32TeX) (preloaded format=pdflatex 2021.2.3)  2 APR 2021 11:21
entering extended mode
 \write18 enabled.
 file:line:error style messages enabled.
 %&-line parsing enabled.
**"d:/OneDrive - University of Toronto/UofT/Skule 2020-2021/Semester 2/ECE421 Introduction to Machine Learning/Labs/Lab 3/A3_report.tex"
(d:/OneDrive - University of Toronto/UofT/Skule 2020-2021/Semester 2/ECE421 Introduction to Machine Learning/Labs/Lab 3/A3_report.tex
LaTeX2e <2020-10-01> patch level 4
L3 programming layer <2021-02-02> (d:/Tex/texlive/2020/texmf-dist/tex/latex/base/article.cls
Document Class: article 2020/04/10 v1.4m Standard LaTeX document class
(d:/Tex/texlive/2020/texmf-dist/tex/latex/base/size12.clo
File: size12.clo 2020/04/10 v1.4m Standard LaTeX file (size option)
)
\c@part=\count177
\c@section=\count178
\c@subsection=\count179
\c@subsubsection=\count180
\c@paragraph=\count181
\c@subparagraph=\count182
\c@figure=\count183
\c@table=\count184
\abovecaptionskip=\skip47
\belowcaptionskip=\skip48
\bibindent=\dimen138
) (d:/Tex/texlive/2020/texmf-dist/tex/latex/base/inputenc.sty
Package: inputenc 2020/08/01 v1.3d Input encoding file
\inpenc@prehook=\toks15
\inpenc@posthook=\toks16
) (d:/Tex/texlive/2020/texmf-dist/tex/generic/babel/babel.sty
Package: babel 2021/01/26 3.53 The Babel package
 (d:/Tex/texlive/2020/texmf-dist/tex/generic/babel/babel.def
File: babel.def 2021/01/26 3.53 Babel common definitions
\babel@savecnt=\count185
\U@D=\dimen139
\l@babelnohyphens=\language86
 (d:/Tex/texlive/2020/texmf-dist/tex/generic/babel/txtbabel.def)
\bbl@readstream=\read2
)
\bbl@dirlevel=\count186
 (d:/Tex/texlive/2020/texmf-dist/tex/generic/babel-english/english.ldf
Language: english 2017/06/06 v3.3r English support from the babel system
Package babel Info: \l@canadian = using hyphenrules for english
(babel)             (\language0) on input line 102.
Package babel Info: \l@australian = using hyphenrules for ukenglish
(babel)             (\language21) on input line 105.
Package babel Info: \l@newzealand = using hyphenrules for ukenglish
(babel)             (\language21) on input line 108.
)) (d:/Tex/texlive/2020/texmf-dist/tex/latex/amsmath/amsmath.sty
Package: amsmath 2020/09/23 v2.17i AMS math features
\@mathmargin=\skip49

For additional information on amsmath, use the `?' option.
(d:/Tex/texlive/2020/texmf-dist/tex/latex/amsmath/amstext.sty
Package: amstext 2000/06/29 v2.01 AMS text
 (d:/Tex/texlive/2020/texmf-dist/tex/latex/amsmath/amsgen.sty
File: amsgen.sty 1999/11/30 v2.0 generic functions
\@emptytoks=\toks17
\ex@=\dimen140
)) (d:/Tex/texlive/2020/texmf-dist/tex/latex/amsmath/amsbsy.sty
Package: amsbsy 1999/11/29 v1.2d Bold Symbols
\pmbraise@=\dimen141
) (d:/Tex/texlive/2020/texmf-dist/tex/latex/amsmath/amsopn.sty
Package: amsopn 2016/03/08 v2.02 operator names
)
\inf@bad=\count187
LaTeX Info: Redefining \frac on input line 234.
\uproot@=\count188
\leftroot@=\count189
LaTeX Info: Redefining \overline on input line 399.
\classnum@=\count190
\DOTSCASE@=\count191
LaTeX Info: Redefining \ldots on input line 496.
LaTeX Info: Redefining \dots on input line 499.
LaTeX Info: Redefining \cdots on input line 620.
\Mathstrutbox@=\box47
\strutbox@=\box48
\big@size=\dimen142
LaTeX Font Info:    Redeclaring font encoding OML on input line 743.
LaTeX Font Info:    Redeclaring font encoding OMS on input line 744.
\macc@depth=\count192
\c@MaxMatrixCols=\count193
\dotsspace@=\muskip16
\c@parentequation=\count194
\dspbrk@lvl=\count195
\tag@help=\toks18
\row@=\count196
\column@=\count197
\maxfields@=\count198
\andhelp@=\toks19
\eqnshift@=\dimen143
\alignsep@=\dimen144
\tagshift@=\dimen145
\tagwidth@=\dimen146
\totwidth@=\dimen147
\lineht@=\dimen148
\@envbody=\toks20
\multlinegap=\skip50
\multlinetaggap=\skip51
\mathdisplay@stack=\toks21
LaTeX Info: Redefining \[ on input line 2923.
LaTeX Info: Redefining \] on input line 2924.
) (d:/Tex/texlive/2020/texmf-dist/tex/latex/amsfonts/amssymb.sty
Package: amssymb 2013/01/14 v3.01 AMS font symbols
 (d:/Tex/texlive/2020/texmf-dist/tex/latex/amsfonts/amsfonts.sty
Package: amsfonts 2013/01/14 v3.01 Basic AMSFonts support
\symAMSa=\mathgroup4
\symAMSb=\mathgroup5
LaTeX Font Info:    Redeclaring math symbol \hbar on input line 98.
LaTeX Font Info:    Overwriting math alphabet `\mathfrak' in version `bold'
(Font)                  U/euf/m/n --> U/euf/b/n on input line 106.
)) (d:/Tex/texlive/2020/texmf-dist/tex/latex/tools/bm.sty
Package: bm 2019/07/24 v1.2d Bold Symbol Support (DPC/FMi)
\symboldoperators=\mathgroup6
\symboldletters=\mathgroup7
\symboldsymbols=\mathgroup8
LaTeX Font Info:    Redeclaring math alphabet \mathbf on input line 141.
LaTeX Info: Redefining \bm on input line 209.
) (d:/Tex/texlive/2020/texmf-dist/tex/latex/listings/listings.sty (d:/Tex/texlive/2020/texmf-dist/tex/latex/graphics/keyval.sty
Package: keyval 2014/10/28 v1.15 key=value parser (DPC)
\KV@toks@=\toks22
)
\lst@mode=\count199
\lst@gtempboxa=\box49
\lst@token=\toks23
\lst@length=\count266
\lst@currlwidth=\dimen149
\lst@column=\count267
\lst@pos=\count268
\lst@lostspace=\dimen150
\lst@width=\dimen151
\lst@newlines=\count269
\lst@lineno=\count270
\lst@maxwidth=\dimen152
 (d:/Tex/texlive/2020/texmf-dist/tex/latex/listings/lstmisc.sty
File: lstmisc.sty 2020/03/24 1.8d (Carsten Heinz)
\c@lstnumber=\count271
\lst@skipnumbers=\count272
\lst@framebox=\box50
) (d:/Tex/texlive/2020/texmf-dist/tex/latex/listings/listings.cfg
File: listings.cfg 2020/03/24 1.8d listings configuration
))
Package: listings 2020/03/24 1.8d (Carsten Heinz)
 (d:/Tex/texlive/2020/texmf-dist/tex/latex/minted/minted.sty
Package: minted 2017/07/19 v2.5 Yet another Pygments shim for LaTeX
 (d:/Tex/texlive/2020/texmf-dist/tex/latex/kvoptions/kvoptions.sty
Package: kvoptions 2020-10-07 v3.14 Key value format for package options (HO)
 (d:/Tex/texlive/2020/texmf-dist/tex/generic/ltxcmds/ltxcmds.sty
Package: ltxcmds 2020-05-10 v1.25 LaTeX kernel commands for general use (HO)
) (d:/Tex/texlive/2020/texmf-dist/tex/generic/kvsetkeys/kvsetkeys.sty
Package: kvsetkeys 2019/12/15 v1.18 Key value parser (HO)
)) (d:/Tex/texlive/2020/texmf-dist/tex/latex/fvextra/fvextra.sty
Package: fvextra 2019/02/04 v1.4 fvextra - extensions and patches for fancyvrb
 (d:/Tex/texlive/2020/texmf-dist/tex/latex/base/ifthen.sty
Package: ifthen 2014/09/29 v1.1c Standard LaTeX ifthen package (DPC)
) (d:/Tex/texlive/2020/texmf-dist/tex/latex/etoolbox/etoolbox.sty
Package: etoolbox 2020/10/05 v2.5k e-TeX tools for LaTeX (JAW)
\etb@tempcnta=\count273
) (d:/Tex/texlive/2020/texmf-dist/tex/latex/fancyvrb/fancyvrb.sty
Package: fancyvrb 2021/01/20 v3.7 verbatim text (tvz,hv)
\FV@CodeLineNo=\count274
\FV@InFile=\read3
\FV@TabBox=\box51
\c@FancyVerbLine=\count275
\FV@StepNumber=\count276
\FV@OutFile=\write3
) (d:/Tex/texlive/2020/texmf-dist/tex/latex/upquote/upquote.sty
Package: upquote 2012/04/19 v1.3 upright-quote and grave-accent glyphs in verbatim
) (d:/Tex/texlive/2020/texmf-dist/tex/latex/lineno/lineno.sty
Package: lineno 2005/11/02 line numbers on paragraphs v4.41
\linenopenalty=\count277
\output=\toks24
\linenoprevgraf=\count278
\linenumbersep=\dimen153
\linenumberwidth=\dimen154
\c@linenumber=\count279
\c@pagewiselinenumber=\count280
\c@LN@truepage=\count281
\c@internallinenumber=\count282
\c@internallinenumbers=\count283
\quotelinenumbersep=\dimen155
\bframerule=\dimen156
\bframesep=\dimen157
\bframebox=\box52
LaTeX Info: Redefining \\ on input line 3056.
)
\c@FV@TrueTabGroupLevel=\count284
\c@FV@TrueTabCounter=\count285
\FV@TabBox@Group=\box53
\FV@TmpLength=\skip52
\c@FV@HighlightLinesStart=\count286
\c@FV@HighlightLinesStop=\count287
\FV@LoopCount=\count288
\FV@NCharsBox=\box54
\FV@BreakIndent=\dimen158
\FV@BreakIndentNChars=\count289
\FV@BreakSymbolSepLeft=\dimen159
\FV@BreakSymbolSepLeftNChars=\count290
\FV@BreakSymbolSepRight=\dimen160
\FV@BreakSymbolSepRightNChars=\count291
\FV@BreakSymbolIndentLeft=\dimen161
\FV@BreakSymbolIndentLeftNChars=\count292
\FV@BreakSymbolIndentRight=\dimen162
\FV@BreakSymbolIndentRightNChars=\count293
\c@FancyVerbLineBreakLast=\count294
\FV@LineBox=\box55
\FV@LineIndentBox=\box56
\FV@LineWidth=\dimen163
) (d:/Tex/texlive/2020/texmf-dist/tex/latex/tools/calc.sty
Package: calc 2017/05/25 v4.3 Infix arithmetic (KKT,FJ)
\calc@Acount=\count295
\calc@Bcount=\count296
\calc@Adimen=\dimen164
\calc@Bdimen=\dimen165
\calc@Askip=\skip53
\calc@Bskip=\skip54
LaTeX Info: Redefining \setlength on input line 80.
LaTeX Info: Redefining \addtolength on input line 81.
\calc@Ccount=\count297
\calc@Cskip=\skip55
) (d:/Tex/texlive/2020/texmf-dist/tex/latex/tools/shellesc.sty
Package: shellesc 2019/11/08 v1.0c unified shell escape interface for LaTeX
Package shellesc Info: Unrestricted shell escape enabled on input line 75.
) (d:/Tex/texlive/2020/texmf-dist/tex/latex/ifplatform/ifplatform.sty
Package: ifplatform 2017/10/13 v0.4a Testing for the operating system
 (d:/Tex/texlive/2020/texmf-dist/tex/generic/pdftexcmds/pdftexcmds.sty
Package: pdftexcmds 2020-06-27 v0.33 Utility functions of pdfTeX for LuaTeX (HO)
 (d:/Tex/texlive/2020/texmf-dist/tex/generic/infwarerr/infwarerr.sty
Package: infwarerr 2019/12/03 v1.5 Providing info/warning/error messages (HO)
) (d:/Tex/texlive/2020/texmf-dist/tex/generic/iftex/iftex.sty
Package: iftex 2020/03/06 v1.0d TeX engine tests
)
Package pdftexcmds Info: \pdf@primitive is available.
Package pdftexcmds Info: \pdf@ifprimitive is available.
Package pdftexcmds Info: \pdfdraftmode found.
) (d:/Tex/texlive/2020/texmf-dist/tex/generic/catchfile/catchfile.sty
Package: catchfile 2019/12/09 v1.8 Catch the contents of a file (HO)
 (d:/Tex/texlive/2020/texmf-dist/tex/generic/etexcmds/etexcmds.sty
Package: etexcmds 2019/12/15 v1.7 Avoid name clashes with e-TeX commands (HO)
)) (d:/Tex/texlive/2020/texmf-dist/tex/generic/iftex/ifluatex.sty
Package: ifluatex 2019/10/25 v1.5 ifluatex legacy package. Use iftex instead.
)) (d:/Tex/texlive/2020/texmf-dist/tex/generic/xstring/xstring.sty (d:/Tex/texlive/2020/texmf-dist/tex/generic/xstring/xstring.tex
\integerpart=\count298
\decimalpart=\count299
)
Package: xstring 2019/02/06 v1.83 String manipulations (CT)
) (d:/Tex/texlive/2020/texmf-dist/tex/latex/framed/framed.sty
Package: framed 2011/10/22 v 0.96: framed or shaded text with page breaks
\OuterFrameSep=\skip56
\fb@frw=\dimen166
\fb@frh=\dimen167
\FrameRule=\dimen168
\FrameSep=\dimen169
) (d:/Tex/texlive/2020/texmf-dist/tex/latex/float/float.sty
Package: float 2001/11/08 v1.3d Float enhancements (AL)
\c@float@type=\count300
\float@exts=\toks25
\float@box=\box57
\@float@everytoks=\toks26
\@floatcapt=\box58
)
\minted@appexistsfile=\read4
\minted@bgbox=\box59
\minted@code=\write4
\c@minted@FancyVerbLineTemp=\count301
\c@minted@pygmentizecounter=\count302
\@float@every@listing=\toks27
\c@listing=\count303
)
runsystem(if not exist _minted-A3_report mkdir _minted-A3_report)...executed.

 (d:/Tex/texlive/2020/texmf-dist/tex/latex/graphics/graphicx.sty
Package: graphicx 2020/09/09 v1.2b Enhanced LaTeX Graphics (DPC,SPQR)
 (d:/Tex/texlive/2020/texmf-dist/tex/latex/graphics/graphics.sty
Package: graphics 2020/08/30 v1.4c Standard LaTeX Graphics (DPC,SPQR)
 (d:/Tex/texlive/2020/texmf-dist/tex/latex/graphics/trig.sty
Package: trig 2016/01/03 v1.10 sin cos tan (DPC)
) (d:/Tex/texlive/2020/texmf-dist/tex/latex/graphics-cfg/graphics.cfg
File: graphics.cfg 2016/06/04 v1.11 sample graphics configuration
)
Package graphics Info: Driver file: pdftex.def on input line 105.
 (d:/Tex/texlive/2020/texmf-dist/tex/latex/graphics-def/pdftex.def
File: pdftex.def 2020/10/05 v1.2a Graphics/color driver for pdftex
))
\Gin@req@height=\dimen170
\Gin@req@width=\dimen171
) (d:/Tex/texlive/2020/texmf-dist/tex/latex/subfig/subfig.sty
Package: subfig 2005/06/28 ver: 1.3 subfig package
 (d:/Tex/texlive/2020/texmf-dist/tex/latex/caption/caption.sty
Package: caption 2020/10/26 v3.5g Customizing captions (AR)
 (d:/Tex/texlive/2020/texmf-dist/tex/latex/caption/caption3.sty
Package: caption3 2020/10/21 v2.2e caption3 kernel (AR)
\captionmargin=\dimen172
\captionmargin@=\dimen173
\captionwidth=\dimen174
\caption@tempdima=\dimen175
\caption@indent=\dimen176
\caption@parindent=\dimen177
\caption@hangindent=\dimen178
Package caption Info: Standard document class detected.
)
\c@caption@flags=\count304
\c@continuedfloat=\count305
Package caption Info: float package is loaded.
Package caption Info: listings package is loaded.
)
\c@KVtest=\count306
\sf@farskip=\skip57
\sf@captopadj=\dimen179
\sf@capskip=\skip58
\sf@nearskip=\skip59
\c@subfigure=\count307
\c@subfigure@save=\count308
\c@lofdepth=\count309
\c@subtable=\count310
\c@subtable@save=\count311
\c@lotdepth=\count312
\sf@top=\skip60
\sf@bottom=\skip61
) (d:/Tex/texlive/2020/texmf-dist/tex/latex/xcolor/xcolor.sty
Package: xcolor 2016/05/11 v2.12 LaTeX color extensions (UK)
 (d:/Tex/texlive/2020/texmf-dist/tex/latex/graphics-cfg/color.cfg
File: color.cfg 2016/01/02 v1.6 sample color configuration
)
Package xcolor Info: Driver file: pdftex.def on input line 225.
Package xcolor Info: Model `cmy' substituted by `cmy0' on input line 1348.
Package xcolor Info: Model `hsb' substituted by `rgb' on input line 1352.
Package xcolor Info: Model `RGB' extended on input line 1364.
Package xcolor Info: Model `HTML' substituted by `rgb' on input line 1366.
Package xcolor Info: Model `Hsb' substituted by `hsb' on input line 1367.
Package xcolor Info: Model `tHsb' substituted by `hsb' on input line 1368.
Package xcolor Info: Model `HSB' substituted by `hsb' on input line 1369.
Package xcolor Info: Model `Gray' substituted by `gray' on input line 1370.
Package xcolor Info: Model `wave' substituted by `hsb' on input line 1371.
)
runsystem(for ^%i in (pygmentize.exe pygmentize.bat pygmentize.cmd) do set > A3_report.aex <nul: /p x=^%~$PATH:i>> A3_report.aex)...executed.

runsystem(del A3_report.aex)...executed.

 (d:/Tex/texlive/2020/texmf-dist/tex/latex/l3backend/l3backend-pdftex.def
File: l3backend-pdftex.def 2020-01-29 L3 backend support: PDF output (pdfTeX)
\l__color_backend_stack_int=\count313
\l__pdf_internal_box=\box60
) (d:/OneDrive - University of Toronto/UofT/Skule 2020-2021/Semester 2/ECE421 Introduction to Machine Learning/Labs/Lab 3/A3_report.aux)
\openout1 = `A3_report.aux'.

LaTeX Font Info:    Checking defaults for OML/cmm/m/it on input line 18.
LaTeX Font Info:    ... okay on input line 18.
LaTeX Font Info:    Checking defaults for OMS/cmsy/m/n on input line 18.
LaTeX Font Info:    ... okay on input line 18.
LaTeX Font Info:    Checking defaults for OT1/cmr/m/n on input line 18.
LaTeX Font Info:    ... okay on input line 18.
LaTeX Font Info:    Checking defaults for T1/cmr/m/n on input line 18.
LaTeX Font Info:    ... okay on input line 18.
LaTeX Font Info:    Checking defaults for TS1/cmr/m/n on input line 18.
LaTeX Font Info:    ... okay on input line 18.
LaTeX Font Info:    Checking defaults for OMX/cmex/m/n on input line 18.
LaTeX Font Info:    ... okay on input line 18.
LaTeX Font Info:    Checking defaults for U/cmr/m/n on input line 18.
LaTeX Font Info:    ... okay on input line 18.
 (d:/Tex/texlive/2020/texmf-dist/tex/latex/base/textcomp.sty
Package: textcomp 2020/02/02 v2.0n Standard LaTeX package
)
\c@lstlisting=\count314
 (d:/Tex/texlive/2020/texmf-dist/tex/context/base/mkii/supp-pdf.mkii
[Loading MPS to PDF converter (version 2006.09.02).]
\scratchcounter=\count315
\scratchdimen=\dimen180
\scratchbox=\box61
\nofMPsegments=\count316
\nofMParguments=\count317
\everyMPshowfont=\toks28
\MPscratchCnt=\count318
\MPscratchDim=\dimen181
\MPnumerator=\count319
\makeMPintoPDFobject=\count320
\everyMPtoPDFconversion=\toks29
) (d:/Tex/texlive/2020/texmf-dist/tex/latex/epstopdf-pkg/epstopdf-base.sty
Package: epstopdf-base 2020-01-24 v2.11 Base part for package epstopdf
Package epstopdf-base Info: Redefining graphics rule for `.eps' on input line 485.
 (d:/Tex/texlive/2020/texmf-dist/tex/latex/latexconfig/epstopdf-sys.cfg
File: epstopdf-sys.cfg 2010/07/13 v1.3 Configuration of (r)epstopdf for TeX Live
))
Package caption Info: Begin \AtBeginDocument code.
Package caption Info: subfig package v1.3 is loaded.
Package caption Info: End \AtBeginDocument code.
LaTeX Font Info:    Trying to load font information for U+msa on input line 19.
 (d:/Tex/texlive/2020/texmf-dist/tex/latex/amsfonts/umsa.fd
File: umsa.fd 2013/01/14 v3.01 AMS symbols A
)
LaTeX Font Info:    Trying to load font information for U+msb on input line 19.
 (d:/Tex/texlive/2020/texmf-dist/tex/latex/amsfonts/umsb.fd
File: umsb.fd 2013/01/14 v3.01 AMS symbols B
)
\openout3 = `A3_report.pyg'.

 (d:/OneDrive - University of Toronto/UofT/Skule 2020-2021/Semester 2/ECE421 Introduction to Machine Learning/Labs/Lab 3/_minted-A3_report/default-pyg-prefix.pygstyle) (d:/OneDrive - University of Toronto/UofT/Skule 2020-2021/Semester 2/ECE421 Introduction to Machine Learning/Labs/Lab 3/_minted-A3_report/default.pygstyle) (d:/OneDrive - University of Toronto/UofT/Skule 2020-2021/Semester 2/ECE421 Introduction to Machine Learning/Labs/Lab 3/_minted-A3_report/761EBC9E7925B3EBB8D901047BB5BBB7DFE76357FCD8D4E7EED203E2801BAA87.pygtex
LaTeX Font Info:    Font shape `OT1/cmtt/bx/n' in size <12> not available
(Font)              Font shape `OT1/cmtt/m/n' tried instead on input line 3.
 [1

{d:/Tex/texlive/2020/texmf-var/fonts/map/pdftex/updmap/pdftex.map}])
\openout3 = `A3_report.pyg'.

 (d:/OneDrive - University of Toronto/UofT/Skule 2020-2021/Semester 2/ECE421 Introduction to Machine Learning/Labs/Lab 3/_minted-A3_report/E1946F04B488CA22F8E7A3EFE93734CBDFE76357FCD8D4E7EED203E2801BAA87.pygtex)
\openout3 = `A3_report.pyg'.

 (d:/OneDrive - University of Toronto/UofT/Skule 2020-2021/Semester 2/ECE421 Introduction to Machine Learning/Labs/Lab 3/_minted-A3_report/90A356025FF9A82F2B36DCD08A4DA1DBDFE76357FCD8D4E7EED203E2801BAA87.pygtex [2])
\openout3 = `A3_report.pyg'.

 (d:/OneDrive - University of Toronto/UofT/Skule 2020-2021/Semester 2/ECE421 Introduction to Machine Learning/Labs/Lab 3/_minted-A3_report/62ECA9A48A0230861BCBBA4A59787EA2DFE76357FCD8D4E7EED203E2801BAA87.pygtex)
\openout3 = `A3_report.pyg'.

 (d:/OneDrive - University of Toronto/UofT/Skule 2020-2021/Semester 2/ECE421 Introduction to Machine Learning/Labs/Lab 3/_minted-A3_report/7AE69F57B0F08FA06E2C3FAF34801E79DFE76357FCD8D4E7EED203E2801BAA87.pygtex [3] [4])
<images/km1_scatter.png, id=20, 371.3875pt x 287.0725pt>
File: images/km1_scatter.png Graphic file (type png)
<use images/km1_scatter.png>
Package pdftex.def Info: images/km1_scatter.png  used on input line 192.
(pdftex.def)             Requested size: 185.69328pt x 143.53589pt.
<images/km1_loss.png, id=22, 379.4175pt x 264.99pt>
File: images/km1_loss.png Graphic file (type png)
<use images/km1_loss.png>
Package pdftex.def Info: images/km1_loss.png  used on input line 194.
(pdftex.def)             Requested size: 189.70828pt x 132.49467pt.
<images/km2_scatter.png, id=23, 371.3875pt x 287.0725pt>
File: images/km2_scatter.png Graphic file (type png)
<use images/km2_scatter.png>
Package pdftex.def Info: images/km2_scatter.png  used on input line 200.
(pdftex.def)             Requested size: 185.69328pt x 143.53589pt.
<images/km2_loss.png, id=24, 379.4175pt x 264.99pt>
File: images/km2_loss.png Graphic file (type png)
<use images/km2_loss.png>
Package pdftex.def Info: images/km2_loss.png  used on input line 202.
(pdftex.def)             Requested size: 189.70828pt x 132.49467pt.
<images/km3_scatter.png, id=25, 371.3875pt x 287.0725pt>
File: images/km3_scatter.png Graphic file (type png)
<use images/km3_scatter.png>
Package pdftex.def Info: images/km3_scatter.png  used on input line 208.
(pdftex.def)             Requested size: 185.69328pt x 143.53589pt.
<images/km3_loss.png, id=26, 363.3575pt x 264.99pt>
File: images/km3_loss.png Graphic file (type png)
<use images/km3_loss.png>
Package pdftex.def Info: images/km3_loss.png  used on input line 210.
(pdftex.def)             Requested size: 181.6783pt x 132.49467pt.
<images/km4_scatter.png, id=27, 371.3875pt x 287.0725pt>
File: images/km4_scatter.png Graphic file (type png)
<use images/km4_scatter.png>
Package pdftex.def Info: images/km4_scatter.png  used on input line 216.
(pdftex.def)             Requested size: 185.69328pt x 143.53589pt.
<images/km4_loss.png, id=28, 379.4175pt x 264.99pt>
File: images/km4_loss.png Graphic file (type png)
<use images/km4_loss.png>
Package pdftex.def Info: images/km4_loss.png  used on input line 218.
(pdftex.def)             Requested size: 189.70828pt x 132.49467pt.
<images/km5_scatter.png, id=29, 371.3875pt x 287.0725pt>
File: images/km5_scatter.png Graphic file (type png)
<use images/km5_scatter.png>
Package pdftex.def Info: images/km5_scatter.png  used on input line 224.
(pdftex.def)             Requested size: 185.69328pt x 143.53589pt.
<images/km5_loss.png, id=30, 373.395pt x 264.99pt>
File: images/km5_loss.png Graphic file (type png)
<use images/km5_loss.png>
Package pdftex.def Info: images/km5_loss.png  used on input line 226.
(pdftex.def)             Requested size: 186.69704pt x 132.49467pt.


LaTeX Warning: `h' float specifier changed to `ht'.

[5 <d:/OneDrive - University of Toronto/UofT/Skule 2020-2021/Semester 2/ECE421 Introduction to Machine Learning/Labs/Lab 3/images/km1_scatter.png> <d:/OneDrive - University of Toronto/UofT/Skule 2020-2021/Semester 2/ECE421 Introduction to Machine Learning/Labs/Lab 3/images/km1_loss.png>] [6 <d:/OneDrive - University of Toronto/UofT/Skule 2020-2021/Semester 2/ECE421 Introduction to Machine Learning/Labs/Lab 3/images/km2_scatter.png> <d:/OneDrive - University of Toronto/UofT/Skule 2020-2021/Semester 2/ECE421 Introduction to Machine Learning/Labs/Lab 3/images/km2_loss.png> <d:/OneDrive - University of Toronto/UofT/Skule 2020-2021/Semester 2/ECE421 Introduction to Machine Learning/Labs/Lab 3/images/km3_scatter.png> <d:/OneDrive - University of Toronto/UofT/Skule 2020-2021/Semester 2/ECE421 Introduction to Machine Learning/Labs/Lab 3/images/km3_loss.png> <d:/OneDrive - University of Toronto/UofT/Skule 2020-2021/Semester 2/ECE421 Introduction to Machine Learning/Labs/Lab 3/images/km4_scatter.png> <d:/OneDrive - University of Toronto/UofT/Skule 2020-2021/Semester 2/ECE421 Introduction to Machine Learning/Labs/Lab 3/images/km4_loss.png>]
\openout3 = `A3_report.pyg'.

 (d:/OneDrive - University of Toronto/UofT/Skule 2020-2021/Semester 2/ECE421 Introduction to Machine Learning/Labs/Lab 3/_minted-A3_report/96B65458FDD19A6CB078F46012D58995DFE76357FCD8D4E7EED203E2801BAA87.pygtex [7 <d:/OneDrive - University of Toronto/UofT/Skule 2020-2021/Semester 2/ECE421 Introduction to Machine Learning/Labs/Lab 3/images/km5_scatter.png> <d:/OneDrive - University of Toronto/UofT/Skule 2020-2021/Semester 2/ECE421 Introduction to Machine Learning/Labs/Lab 3/images/km5_loss.png>])
\openout3 = `A3_report.pyg'.

 (d:/OneDrive - University of Toronto/UofT/Skule 2020-2021/Semester 2/ECE421 Introduction to Machine Learning/Labs/Lab 3/_minted-A3_report/1D6D2FA169DB2FF43CCF4EEC5ED90DE3DFE76357FCD8D4E7EED203E2801BAA87.pygtex)
\openout3 = `A3_report.pyg'.

 (d:/OneDrive - University of Toronto/UofT/Skule 2020-2021/Semester 2/ECE421 Introduction to Machine Learning/Labs/Lab 3/_minted-A3_report/570A1F362FA33C24308435D7D60AACA7DFE76357FCD8D4E7EED203E2801BAA87.pygtex [8])
\openout3 = `A3_report.pyg'.

 (d:/OneDrive - University of Toronto/UofT/Skule 2020-2021/Semester 2/ECE421 Introduction to Machine Learning/Labs/Lab 3/_minted-A3_report/93199385B908A4303C803BCAA0F7A7E0DFE76357FCD8D4E7EED203E2801BAA87.pygtex [9] [10])

LaTeX Warning: `h' float specifier changed to `ht'.

[11]
<images/gm1_scatter.png, id=64, 371.3875pt x 287.0725pt>
File: images/gm1_scatter.png Graphic file (type png)
<use images/gm1_scatter.png>
Package pdftex.def Info: images/gm1_scatter.png  used on input line 441.
(pdftex.def)             Requested size: 185.69328pt x 143.53589pt.
<images/gm1_loss.png, id=65, 373.395pt x 264.99pt>
File: images/gm1_loss.png Graphic file (type png)
<use images/gm1_loss.png>
Package pdftex.def Info: images/gm1_loss.png  used on input line 443.
(pdftex.def)             Requested size: 186.69704pt x 132.49467pt.
<images/gm2_scatter.png, id=66, 371.3875pt x 287.0725pt>
File: images/gm2_scatter.png Graphic file (type png)
<use images/gm2_scatter.png>
Package pdftex.def Info: images/gm2_scatter.png  used on input line 449.
(pdftex.def)             Requested size: 185.69328pt x 143.53589pt.
<images/gm2_loss.png, id=67, 379.4175pt x 264.99pt>
File: images/gm2_loss.png Graphic file (type png)
<use images/gm2_loss.png>
Package pdftex.def Info: images/gm2_loss.png  used on input line 451.
(pdftex.def)             Requested size: 189.70828pt x 132.49467pt.
<images/gm3_scatter.png, id=68, 371.3875pt x 287.0725pt>
File: images/gm3_scatter.png Graphic file (type png)
<use images/gm3_scatter.png>
Package pdftex.def Info: images/gm3_scatter.png  used on input line 457.
(pdftex.def)             Requested size: 185.69328pt x 143.53589pt.
<images/gm3_loss.png, id=69, 373.395pt x 264.99pt>
File: images/gm3_loss.png Graphic file (type png)
<use images/gm3_loss.png>
Package pdftex.def Info: images/gm3_loss.png  used on input line 459.
(pdftex.def)             Requested size: 186.69704pt x 132.49467pt.


LaTeX Warning: `h' float specifier changed to `ht'.

<images/gm4_scatter.png, id=70, 371.3875pt x 287.0725pt>
File: images/gm4_scatter.png Graphic file (type png)
<use images/gm4_scatter.png>
Package pdftex.def Info: images/gm4_scatter.png  used on input line 465.
(pdftex.def)             Requested size: 185.69328pt x 143.53589pt.
<images/gm4_loss.png, id=71, 379.4175pt x 264.99pt>
File: images/gm4_loss.png Graphic file (type png)
<use images/gm4_loss.png>
Package pdftex.def Info: images/gm4_loss.png  used on input line 467.
(pdftex.def)             Requested size: 189.70828pt x 132.49467pt.

LaTeX Warning: `h' float specifier changed to `ht'.

<images/gm5_scatter.png, id=72, 371.3875pt x 287.0725pt>
File: images/gm5_scatter.png Graphic file (type png)
<use images/gm5_scatter.png>
Package pdftex.def Info: images/gm5_scatter.png  used on input line 473.
(pdftex.def)             Requested size: 185.69328pt x 143.53589pt.
<images/gm5_loss.png, id=73, 373.395pt x 264.99pt>
File: images/gm5_loss.png Graphic file (type png)
<use images/gm5_loss.png>
Package pdftex.def Info: images/gm5_loss.png  used on input line 475.
(pdftex.def)             Requested size: 186.69704pt x 132.49467pt.
[12 <d:/OneDrive - University of Toronto/UofT/Skule 2020-2021/Semester 2/ECE421 Introduction to Machine Learning/Labs/Lab 3/images/gm1_scatter.png> <d:/OneDrive - University of Toronto/UofT/Skule 2020-2021/Semester 2/ECE421 Introduction to Machine Learning/Labs/Lab 3/images/gm1_loss.png> <d:/OneDrive - University of Toronto/UofT/Skule 2020-2021/Semester 2/ECE421 Introduction to Machine Learning/Labs/Lab 3/images/gm2_scatter.png> <d:/OneDrive - University of Toronto/UofT/Skule 2020-2021/Semester 2/ECE421 Introduction to Machine Learning/Labs/Lab 3/images/gm2_loss.png>]

LaTeX Warning: Text page 13 contains only floats.

[13 <d:/OneDrive - University of Toronto/UofT/Skule 2020-2021/Semester 2/ECE421 Introduction to Machine Learning/Labs/Lab 3/images/gm3_scatter.png> <d:/OneDrive - University of Toronto/UofT/Skule 2020-2021/Semester 2/ECE421 Introduction to Machine Learning/Labs/Lab 3/images/gm3_loss.png> <d:/OneDrive - University of Toronto/UofT/Skule 2020-2021/Semester 2/ECE421 Introduction to Machine Learning/Labs/Lab 3/images/gm4_scatter.png> <d:/OneDrive - University of Toronto/UofT/Skule 2020-2021/Semester 2/ECE421 Introduction to Machine Learning/Labs/Lab 3/images/gm4_loss.png> <d:/OneDrive - University of Toronto/UofT/Skule 2020-2021/Semester 2/ECE421 Introduction to Machine Learning/Labs/Lab 3/images/gm5_scatter.png> <d:/OneDrive - University of Toronto/UofT/Skule 2020-2021/Semester 2/ECE421 Introduction to Machine Learning/Labs/Lab 3/images/gm5_loss.png>]
Underfull \hbox (badness 10000) in paragraph at lines 481--485

 []

<images/km_lossvk.png, id=91, 385.44pt x 248.93pt>
File: images/km_lossvk.png Graphic file (type png)
<use images/km_lossvk.png>
Package pdftex.def Info: images/km_lossvk.png  used on input line 523.
(pdftex.def)             Requested size: 192.71953pt x 124.46469pt.
<images/gmm_lossvk.png, id=92, 369.38pt x 248.93pt>
File: images/gmm_lossvk.png Graphic file (type png)
<use images/gmm_lossvk.png>
Package pdftex.def Info: images/gmm_lossvk.png  used on input line 525.
(pdftex.def)             Requested size: 184.68954pt x 124.46469pt.
[14] [15 <d:/OneDrive - University of Toronto/UofT/Skule 2020-2021/Semester 2/ECE421 Introduction to Machine Learning/Labs/Lab 3/images/km_lossvk.png> <d:/OneDrive - University of Toronto/UofT/Skule 2020-2021/Semester 2/ECE421 Introduction to Machine Learning/Labs/Lab 3/images/gmm_lossvk.png>] (d:/OneDrive - University of Toronto/UofT/Skule 2020-2021/Semester 2/ECE421 Introduction to Machine Learning/Labs/Lab 3/A3_report.aux)
runsystem(del A3_report.pyg)...executed.

 ) 
Here is how much of TeX's memory you used:
 10338 strings out of 479303
 177953 string characters out of 5869240
 523027 words of memory out of 5000000
 27315 multiletter control sequences out of 15000+600000
 417446 words of font info for 79 fonts, out of 8000000 for 9000
 1141 hyphenation exceptions out of 8191
 85i,9n,88p,500b,395s stack positions out of 5000i,500n,10000p,200000b,80000s
<d:/Tex/texlive/2020/texmf-dist/fonts/type1/public/amsfonts/cm/cmbx12.pfb><d:/Tex/texlive/2020/texmf-dist/fonts/type1/public/amsfonts/cm/cmitt10.pfb><d:/Tex/texlive/2020/texmf-dist/fonts/type1/public/amsfonts/cm/cmmi12.pfb><d:/Tex/texlive/2020/texmf-dist/fonts/type1/public/amsfonts/cm/cmr12.pfb><d:/Tex/texlive/2020/texmf-dist/fonts/type1/public/amsfonts/cm/cmr17.pfb><d:/Tex/texlive/2020/texmf-dist/fonts/type1/public/amsfonts/cm/cmtt12.pfb>
Output written on "d:/OneDrive - University of Toronto/UofT/Skule 2020-2021/Semester 2/ECE421 Introduction to Machine Learning/Labs/Lab 3/A3_report.pdf" (15 pages, 435104 bytes).
PDF statistics:
 122 PDF objects out of 1000 (max. 8388607)
 54 compressed objects within 1 object stream
 0 named destinations out of 1000 (max. 500000)
 111 words of extra memory for PDF output out of 10000 (max. 10000000)

